<?xml version="1.0" encoding="UTF-8"?>
<testng-results total="1" passed="1" failed="0" skipped="0">
  <reporter-output>
  </reporter-output>
  <suite started-at="2020-09-24T14:01:23Z" name="Default suite" finished-at="2020-09-24T14:01:30Z" duration-ms="7171">
    <groups>
    </groups>
    <test started-at="2020-09-24T14:01:23Z" name="Default test" finished-at="2020-09-24T14:01:30Z" duration-ms="7171">
      <class name="testcases.loginTest">
        <test-method signature="logintest()[pri:0, instance:testcases.loginTest@58a9760d]" started-at="2020-09-25T00:01:23Z" name="logintest" finished-at="2020-09-25T00:01:30Z" duration-ms="7158" status="PASS">
          <reporter-output>
          </reporter-output>
        </test-method> <!-- logintest -->
      </class> <!-- testcases.loginTest -->
    </test> <!-- Default test -->
  </suite> <!-- Default suite -->
</testng-results>
